[  4%] [34m[1mGenerating viam_auv2000-v2.0-cxx-stamp[0m
[  8%] Built target slugs.xml-v2.0
[ 12%] Built target matrixpilot.xml-v2.0
[ 16%] Built target uAvionix.xml-v2.0
[ 20%] Built target icarous.xml-v1.0
[ 25%] Built target autoquad.xml-v1.0
[ 29%] Built target icarous.xml-v2.0
[ 33%] Built target uAvionix.xml-v1.0
[ 37%] Built target ASLUAV.xml-v1.0
[ 41%] Built target slugs.xml-v1.0
[ 45%] Built target ualberta.xml-v2.0
[ 50%] Built target standard.xml-v2.0
[ 54%] Built target matrixpilot.xml-v1.0
Validating /home/hai_bker96/VIAM_AUV2000_ROS/mavlink_ROS/src/mavlink/message_definitions/v1.0/viam_auv2000.xml
Parsing /home/hai_bker96/VIAM_AUV2000_ROS/mavlink_ROS/src/mavlink/message_definitions/v1.0/viam_auv2000.xml
Validating /home/hai_bker96/VIAM_AUV2000_ROS/mavlink_ROS/src/mavlink/message_definitions/v1.0/ardupilotmega.xml
Parsing /home/hai_bker96/VIAM_AUV2000_ROS/mavlink_ROS/src/mavlink/message_definitions/v1.0/ardupilotmega.xml
[ 58%] Built target common.xml-v1.0
[ 62%] Built target ardupilotmega.xml-v1.0
[ 66%] Built target paparazzi.xml-v1.0
[ 70%] Built target standard.xml-v1.0
Validating /home/hai_bker96/VIAM_AUV2000_ROS/mavlink_ROS/src/mavlink/message_definitions/v1.0/common.xml
[ 75%] Built target autoquad.xml-v2.0
[ 79%] Built target paparazzi.xml-v2.0
Parsing /home/hai_bker96/VIAM_AUV2000_ROS/mavlink_ROS/src/mavlink/message_definitions/v1.0/common.xml
[ 83%] Built target ardupilotmega.xml-v2.0
[ 87%] Built target ASLUAV.xml-v2.0
[ 91%] Built target ualberta.xml-v1.0
[ 95%] [34m[1mGenerating include/v1.0/viam_auv2000/viam_auv2000.h[0m
Validating /home/hai_bker96/VIAM_AUV2000_ROS/mavlink_ROS/src/mavlink/message_definitions/v1.0/viam_auv2000.xml
Parsing /home/hai_bker96/VIAM_AUV2000_ROS/mavlink_ROS/src/mavlink/message_definitions/v1.0/viam_auv2000.xml
Ignoring MAVLink2 message CUSTOM_MSG_PISTOL
Ignoring MAVLink2 message CUSTOM_MSG_MASS_SHIFTER
Ignoring MAVLink2 message CUSTOM_MSG_THRUSTER
Ignoring MAVLink2 message CUSTOM_MSG_BOARD_ARM1
Ignoring MAVLink2 message CUSTOM_MSG_BOARD_ARM2
Validating /home/hai_bker96/VIAM_AUV2000_ROS/mavlink_ROS/src/mavlink/message_definitions/v1.0/ardupilotmega.xml
Parsing /home/hai_bker96/VIAM_AUV2000_ROS/mavlink_ROS/src/mavlink/message_definitions/v1.0/ardupilotmega.xml
Validating /home/hai_bker96/VIAM_AUV2000_ROS/mavlink_ROS/src/mavlink/message_definitions/v1.0/uAvionix.xml
Parsing /home/hai_bker96/VIAM_AUV2000_ROS/mavlink_ROS/src/mavlink/message_definitions/v1.0/uAvionix.xml
Validating /home/hai_bker96/VIAM_AUV2000_ROS/mavlink_ROS/src/mavlink/message_definitions/v1.0/icarous.xml
Parsing /home/hai_bker96/VIAM_AUV2000_ROS/mavlink_ROS/src/mavlink/message_definitions/v1.0/icarous.xml
Merged enum MAV_CMD
Found 285 MAVLink message types in 5 XML files
Ignoring MAVLink2 message DEVICE_OP_READ
Ignoring MAVLink2 message DEVICE_OP_READ_REPLY
Ignoring MAVLink2 message DEVICE_OP_WRITE
Ignoring MAVLink2 message DEVICE_OP_WRITE_REPLY
Ignoring MAVLink2 message ADAP_TUNING
Ignoring MAVLink2 message VISION_POSITION_DELTA
Ignoring MAVLink2 message AOA_SSA
Ignoring MAVLink2 message ESC_TELEMETRY_1_TO_4
Ignoring MAVLink2 message ESC_TELEMETRY_5_TO_8
Ignoring MAVLink2 message ESC_TELEMETRY_9_TO_12
Generating C headers
Generating C implementation in directory include/v2.0/viam_auv2000
Validating /home/hai_bker96/VIAM_AUV2000_ROS/mavlink_ROS/src/mavlink/message_definitions/v1.0/common.xml
Generating C implementation in directory include/v2.0/ardupilotmega
Parsing /home/hai_bker96/VIAM_AUV2000_ROS/mavlink_ROS/src/mavlink/message_definitions/v1.0/common.xml
Ignoring MAVLink2 message SETUP_SIGNING
Ignoring MAVLink2 message BUTTON_CHANGE
Ignoring MAVLink2 message PLAY_TUNE
Ignoring MAVLink2 message CAMERA_INFORMATION
Ignoring MAVLink2 message CAMERA_SETTINGS
Ignoring MAVLink2 message STORAGE_INFORMATION
Ignoring MAVLink2 message CAMERA_CAPTURE_STATUS
Ignoring MAVLink2 message CAMERA_IMAGE_CAPTURED
Ignoring MAVLink2 message FLIGHT_INFORMATION
Ignoring MAVLink2 message MOUNT_ORIENTATION
Ignoring MAVLink2 message LOGGING_DATA
Ignoring MAVLink2 message LOGGING_DATA_ACKED
Ignoring MAVLink2 message LOGGING_ACK
Ignoring MAVLink2 message VIDEO_STREAM_INFORMATION
Ignoring MAVLink2 message VIDEO_STREAM_STATUS
Ignoring MAVLink2 message CAMERA_FOV_STATUS
Ignoring MAVLink2 message CAMERA_TRACKING_IMAGE_STATUS
Ignoring MAVLink2 message CAMERA_TRACKING_GEO_STATUS
Ignoring MAVLink2 message GIMBAL_MANAGER_INFORMATION
Ignoring MAVLink2 message GIMBAL_MANAGER_STATUS
Ignoring MAVLink2 message GIMBAL_MANAGER_SET_ATTITUDE
Ignoring MAVLink2 message GIMBAL_DEVICE_INFORMATION
Ignoring MAVLink2 message GIMBAL_DEVICE_SET_ATTITUDE
Ignoring MAVLink2 message GIMBAL_DEVICE_ATTITUDE_STATUS
Ignoring MAVLink2 message AUTOPILOT_STATE_FOR_GIMBAL_DEVICE
Ignoring MAVLink2 message GIMBAL_MANAGER_SET_TILTPAN
Ignoring MAVLink2 message ESC_INFO
Ignoring MAVLink2 message ESC_STATUS
Ignoring MAVLink2 message WIFI_CONFIG_AP
Ignoring MAVLink2 message PROTOCOL_VERSION
Ignoring MAVLink2 message AIS_VESSEL
Ignoring MAVLink2 message UAVCAN_NODE_STATUS
Ignoring MAVLink2 message UAVCAN_NODE_INFO
Ignoring MAVLink2 message PARAM_EXT_REQUEST_READ
Ignoring MAVLink2 message PARAM_EXT_REQUEST_LIST
Ignoring MAVLink2 message PARAM_EXT_VALUE
Ignoring MAVLink2 message PARAM_EXT_SET
Ignoring MAVLink2 message PARAM_EXT_ACK
Ignoring MAVLink2 message PARAM_EXT_VALUE_TRIMMED
Ignoring MAVLink2 message PARAM_EXT_SET_TRIMMED
Ignoring MAVLink2 message PARAM_EXT_ACK_TRIMMED
Ignoring MAVLink2 message PARAM_START_TRANSACTION
Ignoring MAVLink2 message PARAM_COMMIT_TRANSACTION
Ignoring MAVLink2 message OBSTACLE_DISTANCE
Ignoring MAVLink2 message ODOMETRY
Ignoring MAVLink2 message TRAJECTORY_REPRESENTATION_WAYPOINTS
Ignoring MAVLink2 message TRAJECTORY_REPRESENTATION_BEZIER
Ignoring MAVLink2 message CELLULAR_STATUS
Ignoring MAVLink2 message ISBD_LINK_STATUS
Ignoring MAVLink2 message CELLULAR_CONFIG
Ignoring MAVLink2 message RAW_RPM
Ignoring MAVLink2 message UTM_GLOBAL_POSITION
Ignoring MAVLink2 message DEBUG_FLOAT_ARRAY
Ignoring MAVLink2 message ORBIT_EXECUTION_STATUS
Ignoring MAVLink2 message SMART_BATTERY_INFO
Ignoring MAVLink2 message SMART_BATTERY_STATUS
Ignoring MAVLink2 message GENERATOR_STATUS
Ignoring MAVLink2 message ACTUATOR_OUTPUT_STATUS
Ignoring MAVLink2 message TIME_ESTIMATE_TO_TARGET
Ignoring MAVLink2 message TUNNEL
Ignoring MAVLink2 message ONBOARD_COMPUTER_STATUS
Ignoring MAVLink2 message COMPONENT_INFORMATION
Ignoring MAVLink2 message PLAY_TUNE_V2
Ignoring MAVLink2 message SUPPORTED_TUNES
Ignoring MAVLink2 message WHEEL_DISTANCE
Ignoring MAVLink2 message WINCH_STATUS
Ignoring MAVLink2 message OPEN_DRONE_ID_BASIC_ID
Ignoring MAVLink2 message OPEN_DRONE_ID_LOCATION
Ignoring MAVLink2 message OPEN_DRONE_ID_AUTHENTICATION
Ignoring MAVLink2 message OPEN_DRONE_ID_SELF_ID
Ignoring MAVLink2 message OPEN_DRONE_ID_SYSTEM
Ignoring MAVLink2 message OPEN_DRONE_ID_OPERATOR_ID
Ignoring MAVLink2 message OPEN_DRONE_ID_MESSAGE_PACK
Generating C implementation in directory include/v2.0/common
Validating /home/hai_bker96/VIAM_AUV2000_ROS/mavlink_ROS/src/mavlink/message_definitions/v1.0/uAvionix.xml
Parsing /home/hai_bker96/VIAM_AUV2000_ROS/mavlink_ROS/src/mavlink/message_definitions/v1.0/uAvionix.xml
Ignoring MAVLink2 message UAVIONIX_ADSB_OUT_CFG
Ignoring MAVLink2 message UAVIONIX_ADSB_OUT_DYNAMIC
Ignoring MAVLink2 message UAVIONIX_ADSB_TRANSCEIVER_HEALTH_REPORT
Validating /home/hai_bker96/VIAM_AUV2000_ROS/mavlink_ROS/src/mavlink/message_definitions/v1.0/icarous.xml
Parsing /home/hai_bker96/VIAM_AUV2000_ROS/mavlink_ROS/src/mavlink/message_definitions/v1.0/icarous.xml
Ignoring MAVLink2 message ICAROUS_HEARTBEAT
Ignoring MAVLink2 message ICAROUS_KINEMATIC_BANDS
Merged enum MAV_CMD
Found 192 MAVLink message types in 5 XML files
Generating C implementation in directory include/v1.0/viam_auv2000
Generating C implementation in directory include/v1.0/ardupilotmega
Generating C implementation in directory include/v1.0/common
Generating C implementation in directory include/v1.0/uAvionix
Generating C implementation in directory include/v1.0/icarous
Copying fixed headers for protocol 1.0 to include/v1.0
[ 95%] Built target viam_auv2000.xml-v1.0
Generating C implementation in directory include/v2.0/uAvionix
Generating C implementation in directory include/v2.0/icarous
Copying fixed headers for protocol 2.0 to include/v2.0
Generating C++ implementation in directory include/v2.0/viam_auv2000
Generating C++ implementation in directory include/v2.0/ardupilotmega
Generating C++ implementation in directory include/v2.0/common
Generating C++ implementation in directory include/v2.0/uAvionix
Generating C++ implementation in directory include/v2.0/icarous
Copying fixed C++ headers for protocol 2.0 to include/v2.0
[ 95%] Built target viam_auv2000.xml-v2.0
[100%] Built target common.xml-v2.0
