[  4%] Built target matrixpilot.xml-v2.0
[  8%] [34m[1mGenerating viam_auv2000-v2.0-cxx-stamp[0m
[ 12%] Built target slugs.xml-v2.0
[ 16%] Built target uAvionix.xml-v2.0
[ 20%] Built target autoquad.xml-v1.0
[ 25%] Built target icarous.xml-v2.0
[ 29%] Built target icarous.xml-v1.0
[ 33%] Built target ASLUAV.xml-v1.0
[ 41%] Built target slugs.xml-v1.0
[ 41%] Built target uAvionix.xml-v1.0
[ 54%] [34m[1mGenerating include/v1.0/matrixpilot/matrixpilot.h[0m
[ 54%] [34m[1mGenerating standard-v2.0-cxx-stamp[0m
[ 54%] [34m[1mGenerating ualberta-v2.0-cxx-stamp[0m
Validating /home/hai_bker96/VIAM_AUV2000_ROS/mavlink_ROS/src/mavlink/message_definitions/v1.0/viam_auv2000.xml
Parsing /home/hai_bker96/VIAM_AUV2000_ROS/mavlink_ROS/src/mavlink/message_definitions/v1.0/viam_auv2000.xml
Validating /home/hai_bker96/VIAM_AUV2000_ROS/mavlink_ROS/src/mavlink/message_definitions/v1.0/ardupilotmega.xml
Parsing /home/hai_bker96/VIAM_AUV2000_ROS/mavlink_ROS/src/mavlink/message_definitions/v1.0/ardupilotmega.xml
Validating /home/hai_bker96/VIAM_AUV2000_ROS/mavlink_ROS/src/mavlink/message_definitions/v1.0/common.xml
Validating /home/hai_bker96/VIAM_AUV2000_ROS/mavlink_ROS/src/mavlink/message_definitions/v1.0/matrixpilot.xml
Validating /home/hai_bker96/VIAM_AUV2000_ROS/mavlink_ROS/src/mavlink/message_definitions/v1.0/standard.xml
Parsing /home/hai_bker96/VIAM_AUV2000_ROS/mavlink_ROS/src/mavlink/message_definitions/v1.0/standard.xml
Validating /home/hai_bker96/VIAM_AUV2000_ROS/mavlink_ROS/src/mavlink/message_definitions/v1.0/common.xml
Parsing /home/hai_bker96/VIAM_AUV2000_ROS/mavlink_ROS/src/mavlink/message_definitions/v1.0/matrixpilot.xml
Parsing /home/hai_bker96/VIAM_AUV2000_ROS/mavlink_ROS/src/mavlink/message_definitions/v1.0/common.xml
Validating /home/hai_bker96/VIAM_AUV2000_ROS/mavlink_ROS/src/mavlink/message_definitions/v1.0/ualberta.xml
Parsing /home/hai_bker96/VIAM_AUV2000_ROS/mavlink_ROS/src/mavlink/message_definitions/v1.0/ualberta.xml
Validating /home/hai_bker96/VIAM_AUV2000_ROS/mavlink_ROS/src/mavlink/message_definitions/v1.0/common.xml
Validating /home/hai_bker96/VIAM_AUV2000_ROS/mavlink_ROS/src/mavlink/message_definitions/v1.0/common.xml
Parsing /home/hai_bker96/VIAM_AUV2000_ROS/mavlink_ROS/src/mavlink/message_definitions/v1.0/common.xml
Parsing /home/hai_bker96/VIAM_AUV2000_ROS/mavlink_ROS/src/mavlink/message_definitions/v1.0/common.xml
Parsing /home/hai_bker96/VIAM_AUV2000_ROS/mavlink_ROS/src/mavlink/message_definitions/v1.0/common.xml
Ignoring MAVLink2 message SETUP_SIGNING
Ignoring MAVLink2 message BUTTON_CHANGE
Ignoring MAVLink2 message PLAY_TUNE
Ignoring MAVLink2 message CAMERA_INFORMATION
Ignoring MAVLink2 message CAMERA_SETTINGS
Ignoring MAVLink2 message STORAGE_INFORMATION
Ignoring MAVLink2 message CAMERA_CAPTURE_STATUS
Ignoring MAVLink2 message CAMERA_IMAGE_CAPTURED
Ignoring MAVLink2 message FLIGHT_INFORMATION
Ignoring MAVLink2 message MOUNT_ORIENTATION
Ignoring MAVLink2 message LOGGING_DATA
Ignoring MAVLink2 message LOGGING_DATA_ACKED
Ignoring MAVLink2 message LOGGING_ACK
Ignoring MAVLink2 message VIDEO_STREAM_INFORMATION
Ignoring MAVLink2 message VIDEO_STREAM_STATUS
Ignoring MAVLink2 message CAMERA_FOV_STATUS
Ignoring MAVLink2 message CAMERA_TRACKING_IMAGE_STATUS
Ignoring MAVLink2 message CAMERA_TRACKING_GEO_STATUS
Ignoring MAVLink2 message GIMBAL_MANAGER_INFORMATION
Ignoring MAVLink2 message GIMBAL_MANAGER_STATUS
Ignoring MAVLink2 message GIMBAL_MANAGER_SET_ATTITUDE
Ignoring MAVLink2 message GIMBAL_DEVICE_INFORMATION
Ignoring MAVLink2 message GIMBAL_DEVICE_SET_ATTITUDE
Ignoring MAVLink2 message GIMBAL_DEVICE_ATTITUDE_STATUS
Ignoring MAVLink2 message AUTOPILOT_STATE_FOR_GIMBAL_DEVICE
Ignoring MAVLink2 message GIMBAL_MANAGER_SET_TILTPAN
Ignoring MAVLink2 message ESC_INFO
Ignoring MAVLink2 message ESC_STATUS
Ignoring MAVLink2 message WIFI_CONFIG_AP
Ignoring MAVLink2 message PROTOCOL_VERSION
Ignoring MAVLink2 message AIS_VESSEL
Ignoring MAVLink2 message UAVCAN_NODE_STATUS
Ignoring MAVLink2 message UAVCAN_NODE_INFO
Ignoring MAVLink2 message PARAM_EXT_REQUEST_READ
Ignoring MAVLink2 message PARAM_EXT_REQUEST_LIST
Ignoring MAVLink2 message PARAM_EXT_VALUE
Ignoring MAVLink2 message PARAM_EXT_SET
Ignoring MAVLink2 message PARAM_EXT_ACK
Ignoring MAVLink2 message PARAM_EXT_VALUE_TRIMMED
Ignoring MAVLink2 message PARAM_EXT_SET_TRIMMED
Ignoring MAVLink2 message PARAM_EXT_ACK_TRIMMED
Ignoring MAVLink2 message PARAM_START_TRANSACTION
Ignoring MAVLink2 message PARAM_COMMIT_TRANSACTION
Ignoring MAVLink2 message OBSTACLE_DISTANCE
Ignoring MAVLink2 message ODOMETRY
Ignoring MAVLink2 message TRAJECTORY_REPRESENTATION_WAYPOINTS
Ignoring MAVLink2 message TRAJECTORY_REPRESENTATION_BEZIER
Ignoring MAVLink2 message CELLULAR_STATUS
Ignoring MAVLink2 message ISBD_LINK_STATUS
Ignoring MAVLink2 message CELLULAR_CONFIG
Ignoring MAVLink2 message RAW_RPM
Ignoring MAVLink2 message UTM_GLOBAL_POSITION
Ignoring MAVLink2 message DEBUG_FLOAT_ARRAY
Ignoring MAVLink2 message ORBIT_EXECUTION_STATUS
Ignoring MAVLink2 message SMART_BATTERY_INFO
Ignoring MAVLink2 message SMART_BATTERY_STATUS
Ignoring MAVLink2 message GENERATOR_STATUS
Ignoring MAVLink2 message ACTUATOR_OUTPUT_STATUS
Ignoring MAVLink2 message TIME_ESTIMATE_TO_TARGET
Ignoring MAVLink2 message TUNNEL
Ignoring MAVLink2 message ONBOARD_COMPUTER_STATUS
Ignoring MAVLink2 message COMPONENT_INFORMATION
Ignoring MAVLink2 message PLAY_TUNE_V2
Ignoring MAVLink2 message SUPPORTED_TUNES
Ignoring MAVLink2 message WHEEL_DISTANCE
Ignoring MAVLink2 message WINCH_STATUS
Ignoring MAVLink2 message OPEN_DRONE_ID_BASIC_ID
Ignoring MAVLink2 message OPEN_DRONE_ID_LOCATION
Ignoring MAVLink2 message OPEN_DRONE_ID_AUTHENTICATION
Ignoring MAVLink2 message OPEN_DRONE_ID_SELF_ID
Ignoring MAVLink2 message OPEN_DRONE_ID_SYSTEM
Ignoring MAVLink2 message OPEN_DRONE_ID_OPERATOR_ID
Ignoring MAVLink2 message OPEN_DRONE_ID_MESSAGE_PACK
Validating /home/hai_bker96/VIAM_AUV2000_ROS/mavlink_ROS/src/mavlink/message_definitions/v1.0/uAvionix.xml
Parsing /home/hai_bker96/VIAM_AUV2000_ROS/mavlink_ROS/src/mavlink/message_definitions/v1.0/uAvionix.xml
Validating /home/hai_bker96/VIAM_AUV2000_ROS/mavlink_ROS/src/mavlink/message_definitions/v1.0/icarous.xml
Parsing /home/hai_bker96/VIAM_AUV2000_ROS/mavlink_ROS/src/mavlink/message_definitions/v1.0/icarous.xml
Validating /home/hai_bker96/VIAM_AUV2000_ROS/mavlink_ROS/src/mavlink/message_definitions/v1.0/autoquad.xml
Merged enum MAV_CMD
Parsing /home/hai_bker96/VIAM_AUV2000_ROS/mavlink_ROS/src/mavlink/message_definitions/v1.0/autoquad.xml
Merged enum MAV_CMD
Merged enum MAV_CMD
Merged enum MAV_DATA_STREAM
Found 169 MAVLink message types in 2 XML files
Generating C implementation in directory include/v1.0/matrixpilot
Note: An enum value was auto-generated: MAV_DATA_STREAM_PROPULSION = 1
ERROR: Duplicate enum values:
	MAV_DATA_STREAM.MAV_DATA_STREAM_PROPULSION = 1 @ /home/hai_bker96/VIAM_AUV2000_ROS/mavlink_ROS/src/mavlink/message_definitions/v1.0/autoquad.xml:114
	MAV_DATA_STREAM.MAV_DATA_STREAM_RAW_SENSORS = 1 @ /home/hai_bker96/VIAM_AUV2000_ROS/mavlink_ROS/src/mavlink/message_definitions/v1.0/common.xml:2806
Found 215 MAVLink message types in 2 XML files
Generating C headers
Generating C implementation in directory include/v2.0/standard
Generating C implementation in directory include/v2.0/common
CMakeFiles/viam_auv2000.xml-v2.0.dir/build.make:62: recipe for target 'viam_auv2000-v2.0-cxx-stamp' failed
make[2]: *** [viam_auv2000-v2.0-cxx-stamp] Error 1
CMakeFiles/Makefile2:67: recipe for target 'CMakeFiles/viam_auv2000.xml-v2.0.dir/all' failed
make[1]: *** [CMakeFiles/viam_auv2000.xml-v2.0.dir/all] Error 2
make[1]: *** Waiting for unfinished jobs....
Note: An enum value was auto-generated: MODE_MANUAL_DIRECT = 1
Note: An enum value was auto-generated: MODE_MANUAL_SCALED = 2
Note: An enum value was auto-generated: MODE_AUTO_PID_ATT = 3
Note: An enum value was auto-generated: MODE_AUTO_PID_VEL = 4
Note: An enum value was auto-generated: MODE_AUTO_PID_POS = 5
Note: An enum value was auto-generated: NAV_AHRS_INIT = 1
Note: An enum value was auto-generated: NAV_AHRS = 2
Note: An enum value was auto-generated: NAV_INS_GPS_INIT = 3
Note: An enum value was auto-generated: NAV_INS_GPS = 4
Note: An enum value was auto-generated: PILOT_MANUAL = 1
Note: An enum value was auto-generated: PILOT_AUTO = 2
Note: An enum value was auto-generated: PILOT_ROTO = 3
Found 218 MAVLink message types in 2 XML files
Generating C headers
Generating C implementation in directory include/v2.0/ualberta
Generating C implementation in directory include/v2.0/common
Generating C implementation in directory include/v1.0/common
Copying fixed headers for protocol 2.0 to include/v2.0
Generating C++ implementation in directory include/v2.0/standard
Generating C++ implementation in directory include/v2.0/common
Copying fixed headers for protocol 1.0 to include/v1.0
[ 54%] Built target matrixpilot.xml-v1.0
Copying fixed C++ headers for protocol 2.0 to include/v2.0
[ 54%] Built target standard.xml-v2.0
Copying fixed headers for protocol 2.0 to include/v2.0
Generating C++ implementation in directory include/v2.0/ualberta
Generating C++ implementation in directory include/v2.0/common
Copying fixed C++ headers for protocol 2.0 to include/v2.0
[ 54%] Built target ualberta.xml-v2.0
Makefile:117: recipe for target 'all' failed
make: *** [all] Error 2
