[35m[1mScanning dependencies of target viam_auv2000.xml-v2.0[0m
[35m[1mScanning dependencies of target slugs.xml-v2.0[0m
[35m[1mScanning dependencies of target uAvionix.xml-v2.0[0m
[  4%] [34m[1mGenerating viam_auv2000-v2.0-cxx-stamp[0m
[  8%] [34m[1mGenerating slugs-v2.0-cxx-stamp[0m
[ 12%] [34m[1mGenerating uAvionix-v2.0-cxx-stamp[0m
Validating /home/hai_bker96/VIAM_AUV2000_ROS/mavlink_ROS/src/mavlink/message_definitions/v1.0/viam_auv2000.xml
Parsing /home/hai_bker96/VIAM_AUV2000_ROS/mavlink_ROS/src/mavlink/message_definitions/v1.0/viam_auv2000.xml
Found 5 MAVLink message types in 1 XML files
Validating /home/hai_bker96/VIAM_AUV2000_ROS/mavlink_ROS/src/mavlink/message_definitions/v1.0/uAvionix.xml
Generating C headers
Generating C implementation in directory include/v2.0/viam_auv2000
Parsing /home/hai_bker96/VIAM_AUV2000_ROS/mavlink_ROS/src/mavlink/message_definitions/v1.0/uAvionix.xml
Validating /home/hai_bker96/VIAM_AUV2000_ROS/mavlink_ROS/src/mavlink/message_definitions/v1.0/slugs.xml
Validating /home/hai_bker96/VIAM_AUV2000_ROS/mavlink_ROS/src/mavlink/message_definitions/v1.0/common.xml
Parsing /home/hai_bker96/VIAM_AUV2000_ROS/mavlink_ROS/src/mavlink/message_definitions/v1.0/slugs.xml
Copying fixed headers for protocol 2.0 to include/v2.0
Validating /home/hai_bker96/VIAM_AUV2000_ROS/mavlink_ROS/src/mavlink/message_definitions/v1.0/common.xml
Generating C++ implementation in directory include/v2.0/viam_auv2000
Copying fixed C++ headers for protocol 2.0 to include/v2.0
Parsing /home/hai_bker96/VIAM_AUV2000_ROS/mavlink_ROS/src/mavlink/message_definitions/v1.0/common.xml
[ 12%] Built target viam_auv2000.xml-v2.0
Parsing /home/hai_bker96/VIAM_AUV2000_ROS/mavlink_ROS/src/mavlink/message_definitions/v1.0/common.xml
[35m[1mScanning dependencies of target matrixpilot.xml-v2.0[0m
[ 16%] [34m[1mGenerating matrixpilot-v2.0-cxx-stamp[0m
Validating /home/hai_bker96/VIAM_AUV2000_ROS/mavlink_ROS/src/mavlink/message_definitions/v1.0/matrixpilot.xml
Parsing /home/hai_bker96/VIAM_AUV2000_ROS/mavlink_ROS/src/mavlink/message_definitions/v1.0/matrixpilot.xml
Validating /home/hai_bker96/VIAM_AUV2000_ROS/mavlink_ROS/src/mavlink/message_definitions/v1.0/minimal.xml
Parsing /home/hai_bker96/VIAM_AUV2000_ROS/mavlink_ROS/src/mavlink/message_definitions/v1.0/minimal.xml
Merged enum MAV_AUTOPILOT
Merged enum MAV_TYPE
Merged enum MAV_MODE_FLAG
Merged enum MAV_MODE_FLAG_DECODE_POSITION
Merged enum MAV_STATE
Merged enum MAV_COMPONENT
Merged enum MAV_CMD
ERROR: Duplicate enum names:
	MAV_AUTOPILOT.MAV_AUTOPILOT_GENERIC = 0 @ /home/hai_bker96/VIAM_AUV2000_ROS/mavlink_ROS/src/mavlink/message_definitions/v1.0/minimal.xml:7
	MAV_AUTOPILOT.MAV_AUTOPILOT_GENERIC = 0 @ /home/hai_bker96/VIAM_AUV2000_ROS/mavlink_ROS/src/mavlink/message_definitions/v1.0/common.xml:9
Validating /home/hai_bker96/VIAM_AUV2000_ROS/mavlink_ROS/src/mavlink/message_definitions/v1.0/minimal.xml
Validating /home/hai_bker96/VIAM_AUV2000_ROS/mavlink_ROS/src/mavlink/message_definitions/v1.0/common.xml
Parsing /home/hai_bker96/VIAM_AUV2000_ROS/mavlink_ROS/src/mavlink/message_definitions/v1.0/minimal.xml
Merged enum MAV_CMD
Merged enum MAV_AUTOPILOT
Merged enum MAV_TYPE
Merged enum MAV_MODE_FLAG
Merged enum MAV_MODE_FLAG_DECODE_POSITION
Merged enum MAV_STATE
Merged enum MAV_COMPONENT
Merged enum MAV_CMD
CMakeFiles/uAvionix.xml-v2.0.dir/build.make:62: recipe for target 'uAvionix-v2.0-cxx-stamp' failed
make[2]: *** [uAvionix-v2.0-cxx-stamp] Error 1
make[1]: *** [CMakeFiles/uAvionix.xml-v2.0.dir/all] Error 2
make[1]: *** Waiting for unfinished jobs....
CMakeFiles/Makefile2:104: recipe for target 'CMakeFiles/uAvionix.xml-v2.0.dir/all' failed
ERROR: Duplicate enum names:
	MAV_CMD.MAV_CMD_REQUEST_MESSAGE = 512 @ /home/hai_bker96/VIAM_AUV2000_ROS/mavlink_ROS/src/mavlink/message_definitions/v1.0/minimal.xml:618
	MAV_CMD.MAV_CMD_REQUEST_MESSAGE = 512 @ /home/hai_bker96/VIAM_AUV2000_ROS/mavlink_ROS/src/mavlink/message_definitions/v1.0/common.xml:2250
Parsing /home/hai_bker96/VIAM_AUV2000_ROS/mavlink_ROS/src/mavlink/message_definitions/v1.0/common.xml
CMakeFiles/slugs.xml-v2.0.dir/build.make:62: recipe for target 'slugs-v2.0-cxx-stamp' failed
make[2]: *** [slugs-v2.0-cxx-stamp] Error 1
CMakeFiles/Makefile2:141: recipe for target 'CMakeFiles/slugs.xml-v2.0.dir/all' failed
make[1]: *** [CMakeFiles/slugs.xml-v2.0.dir/all] Error 2
Validating /home/hai_bker96/VIAM_AUV2000_ROS/mavlink_ROS/src/mavlink/message_definitions/v1.0/minimal.xml
Parsing /home/hai_bker96/VIAM_AUV2000_ROS/mavlink_ROS/src/mavlink/message_definitions/v1.0/minimal.xml
Merged enum MAV_CMD
Merged enum MAV_AUTOPILOT
Merged enum MAV_TYPE
Merged enum MAV_MODE_FLAG
Merged enum MAV_MODE_FLAG_DECODE_POSITION
Merged enum MAV_STATE
Merged enum MAV_COMPONENT
Merged enum MAV_CMD
ERROR: Duplicate enum names:
	MAV_CMD.MAV_CMD_REQUEST_MESSAGE = 512 @ /home/hai_bker96/VIAM_AUV2000_ROS/mavlink_ROS/src/mavlink/message_definitions/v1.0/minimal.xml:618
	MAV_CMD.MAV_CMD_REQUEST_MESSAGE = 512 @ /home/hai_bker96/VIAM_AUV2000_ROS/mavlink_ROS/src/mavlink/message_definitions/v1.0/common.xml:2250
CMakeFiles/matrixpilot.xml-v2.0.dir/build.make:62: recipe for target 'matrixpilot-v2.0-cxx-stamp' failed
make[2]: *** [matrixpilot-v2.0-cxx-stamp] Error 1
CMakeFiles/Makefile2:178: recipe for target 'CMakeFiles/matrixpilot.xml-v2.0.dir/all' failed
make[1]: *** [CMakeFiles/matrixpilot.xml-v2.0.dir/all] Error 2
Makefile:117: recipe for target 'all' failed
make: *** [all] Error 2
