[  8%] [34m[1mGenerating matrixpilot-v2.0-cxx-stamp[0m
[  8%] [34m[1mGenerating viam_auv2000-v2.0-cxx-stamp[0m
[ 16%] [34m[1mGenerating slugs-v2.0-cxx-stamp[0m
[ 16%] [34m[1mGenerating uAvionix-v2.0-cxx-stamp[0m
Validating /home/hai_bker96/VIAM_AUV2000_ROS/mavlink_ROS/src/mavlink/message_definitions/v1.0/matrixpilot.xml
Validating /home/hai_bker96/VIAM_AUV2000_ROS/mavlink_ROS/src/mavlink/message_definitions/v1.0/viam_auv2000.xml
Parsing /home/hai_bker96/VIAM_AUV2000_ROS/mavlink_ROS/src/mavlink/message_definitions/v1.0/viam_auv2000.xml
Parsing /home/hai_bker96/VIAM_AUV2000_ROS/mavlink_ROS/src/mavlink/message_definitions/v1.0/matrixpilot.xml
Validating /home/hai_bker96/VIAM_AUV2000_ROS/mavlink_ROS/src/mavlink/message_definitions/v1.0/uAvionix.xml
Validating /home/hai_bker96/VIAM_AUV2000_ROS/mavlink_ROS/src/mavlink/message_definitions/v1.0/ardupilotmega.xml
Parsing /home/hai_bker96/VIAM_AUV2000_ROS/mavlink_ROS/src/mavlink/message_definitions/v1.0/uAvionix.xml
Parsing /home/hai_bker96/VIAM_AUV2000_ROS/mavlink_ROS/src/mavlink/message_definitions/v1.0/ardupilotmega.xml
Validating /home/hai_bker96/VIAM_AUV2000_ROS/mavlink_ROS/src/mavlink/message_definitions/v1.0/common.xml
Validating /home/hai_bker96/VIAM_AUV2000_ROS/mavlink_ROS/src/mavlink/message_definitions/v1.0/slugs.xml
Validating /home/hai_bker96/VIAM_AUV2000_ROS/mavlink_ROS/src/mavlink/message_definitions/v1.0/common.xml
Parsing /home/hai_bker96/VIAM_AUV2000_ROS/mavlink_ROS/src/mavlink/message_definitions/v1.0/slugs.xml
Validating /home/hai_bker96/VIAM_AUV2000_ROS/mavlink_ROS/src/mavlink/message_definitions/v1.0/common.xml
Parsing /home/hai_bker96/VIAM_AUV2000_ROS/mavlink_ROS/src/mavlink/message_definitions/v1.0/common.xml
Parsing /home/hai_bker96/VIAM_AUV2000_ROS/mavlink_ROS/src/mavlink/message_definitions/v1.0/common.xml
Validating /home/hai_bker96/VIAM_AUV2000_ROS/mavlink_ROS/src/mavlink/message_definitions/v1.0/common.xml
Parsing /home/hai_bker96/VIAM_AUV2000_ROS/mavlink_ROS/src/mavlink/message_definitions/v1.0/common.xml
Parsing /home/hai_bker96/VIAM_AUV2000_ROS/mavlink_ROS/src/mavlink/message_definitions/v1.0/common.xml
Validating /home/hai_bker96/VIAM_AUV2000_ROS/mavlink_ROS/src/mavlink/message_definitions/v1.0/autoquad.xml
Parsing /home/hai_bker96/VIAM_AUV2000_ROS/mavlink_ROS/src/mavlink/message_definitions/v1.0/autoquad.xml
Validating /home/hai_bker96/VIAM_AUV2000_ROS/mavlink_ROS/src/mavlink/message_definitions/v1.0/minimal.xml
Parsing /home/hai_bker96/VIAM_AUV2000_ROS/mavlink_ROS/src/mavlink/message_definitions/v1.0/minimal.xml
Validating /home/hai_bker96/VIAM_AUV2000_ROS/mavlink_ROS/src/mavlink/message_definitions/v1.0/autoquad.xml
Parsing /home/hai_bker96/VIAM_AUV2000_ROS/mavlink_ROS/src/mavlink/message_definitions/v1.0/autoquad.xml
Validating /home/hai_bker96/VIAM_AUV2000_ROS/mavlink_ROS/src/mavlink/message_definitions/v1.0/minimal.xml
Parsing /home/hai_bker96/VIAM_AUV2000_ROS/mavlink_ROS/src/mavlink/message_definitions/v1.0/minimal.xml
Merged enum MAV_CMD
Merged enum MAV_CMD
Merged enum MAV_DATA_STREAM
Merged enum MAV_AUTOPILOT
Merged enum MAV_TYPE
Merged enum MAV_MODE_FLAG
Merged enum MAV_MODE_FLAG_DECODE_POSITION
Merged enum MAV_STATE
Merged enum MAV_COMPONENT
Merged enum MAV_CMD
ERROR: Duplicate enum names:
	MAV_CMD.MAV_CMD_REQUEST_MESSAGE = 512 @ /home/hai_bker96/VIAM_AUV2000_ROS/mavlink_ROS/src/mavlink/message_definitions/v1.0/minimal.xml:618
	MAV_CMD.MAV_CMD_REQUEST_MESSAGE = 512 @ /home/hai_bker96/VIAM_AUV2000_ROS/mavlink_ROS/src/mavlink/message_definitions/v1.0/common.xml:2251
Merged enum MAV_CMD
Merged enum MAV_DATA_STREAM
Merged enum MAV_AUTOPILOT
Merged enum MAV_TYPE
Merged enum MAV_MODE_FLAG
Merged enum MAV_MODE_FLAG_DECODE_POSITION
Merged enum MAV_STATE
Merged enum MAV_COMPONENT
Merged enum MAV_CMD
ERROR: Duplicate enum names:
	MAV_AUTOPILOT.MAV_AUTOPILOT_GENERIC = 0 @ /home/hai_bker96/VIAM_AUV2000_ROS/mavlink_ROS/src/mavlink/message_definitions/v1.0/minimal.xml:7
	MAV_AUTOPILOT.MAV_AUTOPILOT_GENERIC = 0 @ /home/hai_bker96/VIAM_AUV2000_ROS/mavlink_ROS/src/mavlink/message_definitions/v1.0/common.xml:10
Validating /home/hai_bker96/VIAM_AUV2000_ROS/mavlink_ROS/src/mavlink/message_definitions/v1.0/uAvionix.xml
Parsing /home/hai_bker96/VIAM_AUV2000_ROS/mavlink_ROS/src/mavlink/message_definitions/v1.0/uAvionix.xml
CMakeFiles/matrixpilot.xml-v2.0.dir/build.make:62: recipe for target 'matrixpilot-v2.0-cxx-stamp' failed
make[2]: *** [matrixpilot-v2.0-cxx-stamp] Error 1
make[1]: *** [CMakeFiles/matrixpilot.xml-v2.0.dir/all] Error 2
make[1]: *** Waiting for unfinished jobs....
CMakeFiles/Makefile2:178: recipe for target 'CMakeFiles/matrixpilot.xml-v2.0.dir/all' failed
Validating /home/hai_bker96/VIAM_AUV2000_ROS/mavlink_ROS/src/mavlink/message_definitions/v1.0/autoquad.xml
Validating /home/hai_bker96/VIAM_AUV2000_ROS/mavlink_ROS/src/mavlink/message_definitions/v1.0/icarous.xml
Parsing /home/hai_bker96/VIAM_AUV2000_ROS/mavlink_ROS/src/mavlink/message_definitions/v1.0/icarous.xml
Parsing /home/hai_bker96/VIAM_AUV2000_ROS/mavlink_ROS/src/mavlink/message_definitions/v1.0/autoquad.xml
Validating /home/hai_bker96/VIAM_AUV2000_ROS/mavlink_ROS/src/mavlink/message_definitions/v1.0/autoquad.xml
Parsing /home/hai_bker96/VIAM_AUV2000_ROS/mavlink_ROS/src/mavlink/message_definitions/v1.0/autoquad.xml
CMakeFiles/uAvionix.xml-v2.0.dir/build.make:62: recipe for target 'uAvionix-v2.0-cxx-stamp' failed
make[2]: *** [uAvionix-v2.0-cxx-stamp] Error 1
CMakeFiles/Makefile2:104: recipe for target 'CMakeFiles/uAvionix.xml-v2.0.dir/all' failed
make[1]: *** [CMakeFiles/uAvionix.xml-v2.0.dir/all] Error 2
Validating /home/hai_bker96/VIAM_AUV2000_ROS/mavlink_ROS/src/mavlink/message_definitions/v1.0/minimal.xml
Validating /home/hai_bker96/VIAM_AUV2000_ROS/mavlink_ROS/src/mavlink/message_definitions/v1.0/minimal.xml
Parsing /home/hai_bker96/VIAM_AUV2000_ROS/mavlink_ROS/src/mavlink/message_definitions/v1.0/minimal.xml
Parsing /home/hai_bker96/VIAM_AUV2000_ROS/mavlink_ROS/src/mavlink/message_definitions/v1.0/minimal.xml
Merged enum MAV_CMD
Merged enum MAV_CMD
Merged enum MAV_DATA_STREAM
Merged enum MAV_AUTOPILOT
Merged enum MAV_TYPE
Merged enum MAV_MODE_FLAG
Merged enum MAV_MODE_FLAG_DECODE_POSITION
Merged enum MAV_STATE
Merged enum MAV_COMPONENT
Merged enum MAV_CMD
Merged enum MAV_CMD
Merged enum MAV_CMD
Merged enum MAV_DATA_STREAM
Merged enum MAV_AUTOPILOT
Merged enum MAV_TYPE
Merged enum MAV_MODE_FLAG
Merged enum MAV_MODE_FLAG_DECODE_POSITION
Merged enum MAV_STATE
Merged enum MAV_COMPONENT
Merged enum MAV_CMD
ERROR: Duplicate enum names:
	MAV_CMD.MAV_CMD_REQUEST_MESSAGE = 512 @ /home/hai_bker96/VIAM_AUV2000_ROS/mavlink_ROS/src/mavlink/message_definitions/v1.0/minimal.xml:618
	MAV_CMD.MAV_CMD_REQUEST_MESSAGE = 512 @ /home/hai_bker96/VIAM_AUV2000_ROS/mavlink_ROS/src/mavlink/message_definitions/v1.0/common.xml:2251
ERROR: Duplicate enum names:
	MAV_CMD.MAV_CMD_REQUEST_MESSAGE = 512 @ /home/hai_bker96/VIAM_AUV2000_ROS/mavlink_ROS/src/mavlink/message_definitions/v1.0/minimal.xml:618
	MAV_CMD.MAV_CMD_REQUEST_MESSAGE = 512 @ /home/hai_bker96/VIAM_AUV2000_ROS/mavlink_ROS/src/mavlink/message_definitions/v1.0/common.xml:2251
CMakeFiles/slugs.xml-v2.0.dir/build.make:62: recipe for target 'slugs-v2.0-cxx-stamp' failed
make[2]: *** [slugs-v2.0-cxx-stamp] Error 1
CMakeFiles/Makefile2:141: recipe for target 'CMakeFiles/slugs.xml-v2.0.dir/all' failed
make[1]: *** [CMakeFiles/slugs.xml-v2.0.dir/all] Error 2
CMakeFiles/viam_auv2000.xml-v2.0.dir/build.make:62: recipe for target 'viam_auv2000-v2.0-cxx-stamp' failed
make[2]: *** [viam_auv2000-v2.0-cxx-stamp] Error 1
CMakeFiles/Makefile2:67: recipe for target 'CMakeFiles/viam_auv2000.xml-v2.0.dir/all' failed
make[1]: *** [CMakeFiles/viam_auv2000.xml-v2.0.dir/all] Error 2
Makefile:117: recipe for target 'all' failed
make: *** [all] Error 2
