[  0%] Built target trajectory_msgs_generate_messages_py
[  0%] Built target trajectory_msgs_generate_messages_nodejs
[  0%] Built target diagnostic_msgs_generate_messages_py
[  0%] Built target trajectory_msgs_generate_messages_lisp
[  0%] Built target geometry_msgs_generate_messages_lisp
[  0%] Built target geographic_msgs_generate_messages_eus
[  0%] Built target uuid_msgs_generate_messages_eus
[  0%] Built target geometry_msgs_generate_messages_py
[  0%] Built target rosgraph_msgs_generate_messages_lisp
[  0%] Built target rosgraph_msgs_generate_messages_eus
[  0%] Built target rosgraph_msgs_generate_messages_nodejs
[  0%] Built target geographic_msgs_generate_messages_lisp
[  0%] Built target geometry_msgs_generate_messages_eus
[  0%] Built target rosgraph_msgs_generate_messages_cpp
[  0%] Built target roscpp_generate_messages_py
[  0%] Built target trajectory_msgs_generate_messages_eus
[  0%] Built target roscpp_generate_messages_lisp
[  0%] Built target uuid_msgs_generate_messages_lisp
[  0%] Built target std_srvs_generate_messages_eus
[  0%] Built target std_msgs_generate_messages_cpp
[  0%] Built target nav_msgs_generate_messages_nodejs
[  0%] Built target actionlib_msgs_generate_messages_nodejs
[  0%] Built target diagnostic_msgs_generate_messages_nodejs
[  0%] Built target mavros_msgs_generate_messages_nodejs
[  0%] Built target std_msgs_generate_messages_eus
[  0%] Built target actionlib_msgs_generate_messages_lisp
[  0%] Built target diagnostic_msgs_generate_messages_eus
[  0%] Built target actionlib_generate_messages_nodejs
[  0%] Built target diagnostic_msgs_generate_messages_lisp
[  0%] Built target roscpp_generate_messages_nodejs
[  0%] Built target geographic_msgs_generate_messages_cpp
[  0%] Built target std_msgs_generate_messages_lisp
[  0%] Built target uuid_msgs_generate_messages_cpp
[  0%] Built target std_msgs_generate_messages_nodejs
[  0%] Built target std_msgs_generate_messages_py
[  0%] Built target geometry_msgs_generate_messages_nodejs
[  0%] Built target geographic_msgs_generate_messages_py
[  0%] Built target roscpp_generate_messages_cpp
[  0%] Built target sensor_msgs_generate_messages_nodejs
[  0%] Built target actionlib_generate_messages_cpp
[  0%] Built target uuid_msgs_generate_messages_nodejs
[  0%] Built target uuid_msgs_generate_messages_py
[  0%] Built target mavros_msgs_generate_messages_cpp
[  0%] Built target trajectory_msgs_generate_messages_cpp
[  0%] Built target mavros_msgs_generate_messages_eus
[  0%] Built target sensor_msgs_generate_messages_lisp
[  0%] Built target nav_msgs_generate_messages_cpp
[  0%] Built target mavros_msgs_generate_messages_py
[  0%] Built target mavros_msgs_generate_messages_lisp
[  0%] Built target sensor_msgs_generate_messages_cpp
[  0%] Built target sensor_msgs_generate_messages_eus
[  0%] Built target sensor_msgs_generate_messages_py
[  0%] Built target nav_msgs_generate_messages_lisp
[  0%] Built target actionlib_msgs_generate_messages_cpp
[  0%] Built target std_srvs_generate_messages_cpp
[  0%] Built target roscpp_generate_messages_eus
[  0%] Built target rosgraph_msgs_generate_messages_py
[  0%] Built target actionlib_msgs_generate_messages_py
[  0%] Built target actionlib_msgs_generate_messages_eus
[  0%] Built target std_srvs_generate_messages_lisp
[  0%] Built target std_srvs_generate_messages_nodejs
[  0%] Built target actionlib_generate_messages_lisp
[  0%] Built target geometry_msgs_generate_messages_cpp
[  0%] Built target geographic_msgs_generate_messages_nodejs
[  0%] Built target std_srvs_generate_messages_py
[  0%] Built target tf2_msgs_generate_messages_cpp
[  0%] Built target actionlib_generate_messages_eus
[  0%] Built target diagnostic_msgs_generate_messages_cpp
[  0%] Built target nav_msgs_generate_messages_eus
[  0%] Built target nav_msgs_generate_messages_py
[  0%] Built target tf2_msgs_generate_messages_eus
[  0%] Built target tf2_msgs_generate_messages_lisp
[  0%] Built target actionlib_generate_messages_py
[  0%] Built target tf2_msgs_generate_messages_nodejs
[  0%] Built target tf2_msgs_generate_messages_py
[ 26%] Built target mavros
[ 30%] Built target gcs_bridge
[ 35%] Built target mavros_node
[ 38%] [32mBuilding CXX object CMakeFiles/mavros_plugins.dir/src/plugins/wind_estimation.cpp.o[0m
[ 40%] [32mBuilding CXX object CMakeFiles/mavros_plugins.dir/src/plugins/sys_status.cpp.o[0m
[01m[K/home/hai_bker96/AUV_GUI/mavlink_ros/src/mavros/mavros/src/plugins/sys_status.cpp:[m[K In member function ‘[01m[Kvoid mavros::std_plugins::SystemStatusPlugin::handle_sys_status(const mavlink_message_t*, mavlink::common::msg::SYS_STATUS&)[m[K’:
[01m[K/home/hai_bker96/AUV_GUI/mavlink_ros/src/mavros/mavros/src/plugins/sys_status.cpp:755:21:[m[K [01;31m[Kerror: [m[K‘[01m[Kstruct mavlink::common::msg::SYS_STATUS[m[K’ has no member named ‘[01m[Kvoltage_battery[m[K’; did you mean ‘[01m[Kvoltage_battery_head[m[K’?
   float volt = stat.[01;31m[Kvoltage_battery[m[K / 1000.0f; // mV
                     [01;31m[K^~~~~~~~~~~~~~~[m[K
                     [32m[Kvoltage_battery_head[m[K
[01m[K/home/hai_bker96/AUV_GUI/mavlink_ros/src/mavros/mavros/src/plugins/sys_status.cpp:756:21:[m[K [01;31m[Kerror: [m[K‘[01m[Kstruct mavlink::common::msg::SYS_STATUS[m[K’ has no member named ‘[01m[Kcurrent_battery[m[K’; did you mean ‘[01m[Kcurrent_battery_head[m[K’?
   float curr = stat.[01;31m[Kcurrent_battery[m[K / 100.0f; // 10 mA or -1
                     [01;31m[K^~~~~~~~~~~~~~~[m[K
                     [32m[Kcurrent_battery_head[m[K
[01m[K/home/hai_bker96/AUV_GUI/mavlink_ros/src/mavros/mavros/src/plugins/sys_status.cpp:757:20:[m[K [01;31m[Kerror: [m[K‘[01m[Kstruct mavlink::common::msg::SYS_STATUS[m[K’ has no member named ‘[01m[Kbattery_remaining[m[K’; did you mean ‘[01m[Kbattery_remaining_head[m[K’?
   float rem = stat.[01;31m[Kbattery_remaining[m[K / 100.0f; // or -1
                    [01;31m[K^~~~~~~~~~~~~~~~~[m[K
                    [32m[Kbattery_remaining_head[m[K
CMakeFiles/mavros_plugins.dir/build.make:566: recipe for target 'CMakeFiles/mavros_plugins.dir/src/plugins/sys_status.cpp.o' failed
make[2]: *** [CMakeFiles/mavros_plugins.dir/src/plugins/sys_status.cpp.o] Error 1
CMakeFiles/Makefile2:436: recipe for target 'CMakeFiles/mavros_plugins.dir/all' failed
make[1]: *** [CMakeFiles/mavros_plugins.dir/all] Error 2
Makefile:140: recipe for target 'all' failed
make: *** [all] Error 2
