[35m[1mScanning dependencies of target trajectory_msgs_generate_messages_lisp[0m
[35m[1mScanning dependencies of target diagnostic_msgs_generate_messages_py[0m
[35m[1mScanning dependencies of target trajectory_msgs_generate_messages_nodejs[0m
[35m[1mScanning dependencies of target trajectory_msgs_generate_messages_py[0m
[  0%] Built target diagnostic_msgs_generate_messages_py
[  0%] Built target trajectory_msgs_generate_messages_lisp
[  0%] Built target trajectory_msgs_generate_messages_nodejs
[  0%] Built target trajectory_msgs_generate_messages_py
[35m[1mScanning dependencies of target uuid_msgs_generate_messages_eus[0m
[35m[1mScanning dependencies of target geographic_msgs_generate_messages_eus[0m
[35m[1mScanning dependencies of target geometry_msgs_generate_messages_py[0m
[35m[1mScanning dependencies of target geometry_msgs_generate_messages_lisp[0m
[  0%] Built target uuid_msgs_generate_messages_eus
[  0%] Built target geographic_msgs_generate_messages_eus
[  0%] Built target geometry_msgs_generate_messages_py
[  0%] Built target geometry_msgs_generate_messages_lisp
[35m[1mScanning dependencies of target rosgraph_msgs_generate_messages_lisp[0m
[35m[1mScanning dependencies of target rosgraph_msgs_generate_messages_eus[0m
[35m[1mScanning dependencies of target geographic_msgs_generate_messages_lisp[0m
[35m[1mScanning dependencies of target rosgraph_msgs_generate_messages_nodejs[0m
[  0%] Built target rosgraph_msgs_generate_messages_lisp
[  0%] Built target rosgraph_msgs_generate_messages_eus
[  0%] Built target geographic_msgs_generate_messages_lisp
[  0%] Built target rosgraph_msgs_generate_messages_nodejs
[35m[1mScanning dependencies of target rosgraph_msgs_generate_messages_cpp[0m
[35m[1mScanning dependencies of target geometry_msgs_generate_messages_eus[0m
[35m[1mScanning dependencies of target roscpp_generate_messages_py[0m
[35m[1mScanning dependencies of target trajectory_msgs_generate_messages_eus[0m
[  0%] Built target geometry_msgs_generate_messages_eus
[  0%] Built target rosgraph_msgs_generate_messages_cpp
[  0%] Built target roscpp_generate_messages_py
[  0%] Built target trajectory_msgs_generate_messages_eus
[35m[1mScanning dependencies of target uuid_msgs_generate_messages_lisp[0m
[35m[1mScanning dependencies of target roscpp_generate_messages_lisp[0m
[35m[1mScanning dependencies of target std_srvs_generate_messages_eus[0m
[35m[1mScanning dependencies of target std_msgs_generate_messages_cpp[0m
[  0%] Built target uuid_msgs_generate_messages_lisp
[  0%] Built target roscpp_generate_messages_lisp
[  0%] Built target std_srvs_generate_messages_eus
[  0%] Built target std_msgs_generate_messages_cpp
[35m[1mScanning dependencies of target actionlib_msgs_generate_messages_nodejs[0m
[35m[1mScanning dependencies of target nav_msgs_generate_messages_nodejs[0m
[35m[1mScanning dependencies of target diagnostic_msgs_generate_messages_nodejs[0m
[35m[1mScanning dependencies of target mavros_msgs_generate_messages_nodejs[0m
[  0%] Built target nav_msgs_generate_messages_nodejs
[  0%] Built target actionlib_msgs_generate_messages_nodejs
[  0%] Built target mavros_msgs_generate_messages_nodejs
[35m[1mScanning dependencies of target std_msgs_generate_messages_eus[0m
[  0%] Built target diagnostic_msgs_generate_messages_nodejs
[35m[1mScanning dependencies of target actionlib_msgs_generate_messages_lisp[0m
[35m[1mScanning dependencies of target diagnostic_msgs_generate_messages_eus[0m
[35m[1mScanning dependencies of target actionlib_generate_messages_nodejs[0m
[  0%] Built target std_msgs_generate_messages_eus
[  0%] Built target actionlib_msgs_generate_messages_lisp
[  0%] Built target diagnostic_msgs_generate_messages_eus
[  0%] Built target actionlib_generate_messages_nodejs
[35m[1mScanning dependencies of target geographic_msgs_generate_messages_cpp[0m
[35m[1mScanning dependencies of target diagnostic_msgs_generate_messages_lisp[0m
[35m[1mScanning dependencies of target roscpp_generate_messages_nodejs[0m
[35m[1mScanning dependencies of target std_msgs_generate_messages_lisp[0m
[  0%] Built target geographic_msgs_generate_messages_cpp
[  0%] Built target diagnostic_msgs_generate_messages_lisp
[  0%] Built target roscpp_generate_messages_nodejs
[  0%] Built target std_msgs_generate_messages_lisp
[35m[1mScanning dependencies of target uuid_msgs_generate_messages_cpp[0m
[35m[1mScanning dependencies of target std_msgs_generate_messages_nodejs[0m
[35m[1mScanning dependencies of target std_msgs_generate_messages_py[0m
[35m[1mScanning dependencies of target geometry_msgs_generate_messages_nodejs[0m
[  0%] Built target std_msgs_generate_messages_nodejs
[  0%] Built target uuid_msgs_generate_messages_cpp
[  0%] Built target std_msgs_generate_messages_py
[  0%] Built target geometry_msgs_generate_messages_nodejs
[35m[1mScanning dependencies of target geographic_msgs_generate_messages_py[0m
[35m[1mScanning dependencies of target roscpp_generate_messages_cpp[0m
[35m[1mScanning dependencies of target sensor_msgs_generate_messages_nodejs[0m
[35m[1mScanning dependencies of target actionlib_generate_messages_cpp[0m
[  0%] Built target geographic_msgs_generate_messages_py
[  0%] Built target roscpp_generate_messages_cpp
[  0%] Built target sensor_msgs_generate_messages_nodejs
[  0%] Built target actionlib_generate_messages_cpp
[35m[1mScanning dependencies of target uuid_msgs_generate_messages_nodejs[0m
[35m[1mScanning dependencies of target uuid_msgs_generate_messages_py[0m
[35m[1mScanning dependencies of target mavros_msgs_generate_messages_cpp[0m
[35m[1mScanning dependencies of target trajectory_msgs_generate_messages_cpp[0m
[  0%] Built target uuid_msgs_generate_messages_nodejs
[  0%] Built target uuid_msgs_generate_messages_py
[  0%] Built target mavros_msgs_generate_messages_cpp
[  0%] Built target trajectory_msgs_generate_messages_cpp
[35m[1mScanning dependencies of target mavros_msgs_generate_messages_eus[0m
[35m[1mScanning dependencies of target sensor_msgs_generate_messages_lisp[0m
[35m[1mScanning dependencies of target nav_msgs_generate_messages_cpp[0m
[35m[1mScanning dependencies of target mavros_msgs_generate_messages_py[0m
[  0%] Built target mavros_msgs_generate_messages_eus
[  0%] Built target sensor_msgs_generate_messages_lisp
[  0%] Built target nav_msgs_generate_messages_cpp
[  0%] Built target mavros_msgs_generate_messages_py
[35m[1mScanning dependencies of target mavros_msgs_generate_messages_lisp[0m
[35m[1mScanning dependencies of target sensor_msgs_generate_messages_cpp[0m
[35m[1mScanning dependencies of target sensor_msgs_generate_messages_eus[0m
[35m[1mScanning dependencies of target sensor_msgs_generate_messages_py[0m
[  0%] Built target mavros_msgs_generate_messages_lisp
[  0%] Built target sensor_msgs_generate_messages_eus
[  0%] Built target sensor_msgs_generate_messages_cpp
[35m[1mScanning dependencies of target nav_msgs_generate_messages_lisp[0m
[  0%] Built target sensor_msgs_generate_messages_py
[35m[1mScanning dependencies of target actionlib_msgs_generate_messages_cpp[0m
[35m[1mScanning dependencies of target std_srvs_generate_messages_cpp[0m
[  0%] Built target nav_msgs_generate_messages_lisp
[35m[1mScanning dependencies of target roscpp_generate_messages_eus[0m
[  0%] Built target actionlib_msgs_generate_messages_cpp
[  0%] Built target std_srvs_generate_messages_cpp
[35m[1mScanning dependencies of target rosgraph_msgs_generate_messages_py[0m
[  0%] Built target roscpp_generate_messages_eus
[35m[1mScanning dependencies of target actionlib_msgs_generate_messages_eus[0m
[35m[1mScanning dependencies of target actionlib_msgs_generate_messages_py[0m
[  0%] Built target rosgraph_msgs_generate_messages_py
[35m[1mScanning dependencies of target std_srvs_generate_messages_lisp[0m
[  0%] Built target actionlib_msgs_generate_messages_eus
[  0%] Built target actionlib_msgs_generate_messages_py
[35m[1mScanning dependencies of target std_srvs_generate_messages_nodejs[0m
[  0%] Built target std_srvs_generate_messages_lisp
[35m[1mScanning dependencies of target geometry_msgs_generate_messages_cpp[0m
[35m[1mScanning dependencies of target actionlib_generate_messages_lisp[0m
[  0%] Built target std_srvs_generate_messages_nodejs
[35m[1mScanning dependencies of target geographic_msgs_generate_messages_nodejs[0m
[  0%] Built target geometry_msgs_generate_messages_cpp
[  0%] Built target actionlib_generate_messages_lisp
[35m[1mScanning dependencies of target std_srvs_generate_messages_py[0m
[  0%] Built target geographic_msgs_generate_messages_nodejs
[35m[1mScanning dependencies of target diagnostic_msgs_generate_messages_cpp[0m
[35m[1mScanning dependencies of target actionlib_generate_messages_eus[0m
[  0%] Built target std_srvs_generate_messages_py
[35m[1mScanning dependencies of target tf2_msgs_generate_messages_cpp[0m
[  0%] Built target diagnostic_msgs_generate_messages_cpp
[  0%] Built target actionlib_generate_messages_eus
[35m[1mScanning dependencies of target nav_msgs_generate_messages_eus[0m
[  0%] Built target tf2_msgs_generate_messages_cpp
[35m[1mScanning dependencies of target tf2_msgs_generate_messages_eus[0m
[35m[1mScanning dependencies of target nav_msgs_generate_messages_py[0m
[  0%] Built target nav_msgs_generate_messages_eus
[35m[1mScanning dependencies of target tf2_msgs_generate_messages_lisp[0m
[  0%] Built target tf2_msgs_generate_messages_eus
[  0%] Built target nav_msgs_generate_messages_py
[35m[1mScanning dependencies of target actionlib_generate_messages_py[0m
[  0%] Built target tf2_msgs_generate_messages_lisp
[35m[1mScanning dependencies of target tf2_msgs_generate_messages_py[0m
[35m[1mScanning dependencies of target tf2_msgs_generate_messages_nodejs[0m
[  0%] Built target actionlib_generate_messages_py
[  0%] Built target tf2_msgs_generate_messages_py
[  0%] Built target tf2_msgs_generate_messages_nodejs
[35m[1mScanning dependencies of target mavros[0m
[  2%] [32mBuilding CXX object CMakeFiles/mavros.dir/src/lib/enum_sensor_orientation.cpp.o[0m
[  7%] [32mBuilding CXX object CMakeFiles/mavros.dir/src/lib/ftf_frame_conversions.cpp.o[0m
[  7%] [32mBuilding CXX object CMakeFiles/mavros.dir/src/lib/enum_to_string.cpp.o[0m
[  9%] [32mBuilding CXX object CMakeFiles/mavros.dir/src/lib/ftf_quaternion_utils.cpp.o[0m
[ 11%] [32mBuilding CXX object CMakeFiles/mavros.dir/src/lib/mavlink_diag.cpp.o[0m
[ 14%] [32mBuilding CXX object CMakeFiles/mavros.dir/src/lib/mavros.cpp.o[0m
[ 16%] [32mBuilding CXX object CMakeFiles/mavros.dir/src/lib/rosconsole_bridge.cpp.o[0m
[ 19%] [32mBuilding CXX object CMakeFiles/mavros.dir/src/lib/uas_data.cpp.o[0m
[ 21%] [32mBuilding CXX object CMakeFiles/mavros.dir/src/lib/uas_stringify.cpp.o[0m
[ 23%] [32mBuilding CXX object CMakeFiles/mavros.dir/src/lib/uas_timesync.cpp.o[0m
[ 26%] [32m[1mLinking CXX shared library /home/hai_bker96/AUV_GUI/mavlink_ros/devel/.private/mavros/lib/libmavros.so[0m
[ 26%] Built target mavros
[35m[1mScanning dependencies of target mavros_plugins[0m
[35m[1mScanning dependencies of target mavros_node[0m
[35m[1mScanning dependencies of target gcs_bridge[0m
[ 28%] [32mBuilding CXX object CMakeFiles/gcs_bridge.dir/src/gcs_bridge.cpp.o[0m
[ 30%] [32mBuilding CXX object CMakeFiles/mavros_node.dir/src/mavros_node.cpp.o[0m
[ 33%] [32mBuilding CXX object CMakeFiles/mavros_plugins.dir/src/plugins/3dr_radio.cpp.o[0m
[ 35%] [32mBuilding CXX object CMakeFiles/mavros_plugins.dir/src/plugins/actuator_control.cpp.o[0m
[ 38%] [32m[1mLinking CXX executable /home/hai_bker96/AUV_GUI/mavlink_ros/devel/.private/mavros/lib/mavros/gcs_bridge[0m
[ 38%] Built target gcs_bridge
[ 40%] [32mBuilding CXX object CMakeFiles/mavros_plugins.dir/src/plugins/altitude.cpp.o[0m
[ 42%] [32mBuilding CXX object CMakeFiles/mavros_plugins.dir/src/plugins/command.cpp.o[0m
[ 45%] [32m[1mLinking CXX executable /home/hai_bker96/AUV_GUI/mavlink_ros/devel/.private/mavros/lib/mavros/mavros_node[0m
[ 47%] [32mBuilding CXX object CMakeFiles/mavros_plugins.dir/src/plugins/dummy.cpp.o[0m
[ 47%] Built target mavros_node
[ 50%] [32mBuilding CXX object CMakeFiles/mavros_plugins.dir/src/plugins/ftp.cpp.o[0m
[ 52%] [32mBuilding CXX object CMakeFiles/mavros_plugins.dir/src/plugins/global_position.cpp.o[0m
[ 54%] [32mBuilding CXX object CMakeFiles/mavros_plugins.dir/src/plugins/hil.cpp.o[0m
[ 57%] [32mBuilding CXX object CMakeFiles/mavros_plugins.dir/src/plugins/home_position.cpp.o[0m
[ 59%] [32mBuilding CXX object CMakeFiles/mavros_plugins.dir/src/plugins/imu.cpp.o[0m
[ 61%] [32mBuilding CXX object CMakeFiles/mavros_plugins.dir/src/plugins/local_position.cpp.o[0m
[ 64%] [32mBuilding CXX object CMakeFiles/mavros_plugins.dir/src/plugins/manual_control.cpp.o[0m
[ 66%] [32mBuilding CXX object CMakeFiles/mavros_plugins.dir/src/plugins/param.cpp.o[0m
[ 69%] [32mBuilding CXX object CMakeFiles/mavros_plugins.dir/src/plugins/rc_io.cpp.o[0m
[ 71%] [32mBuilding CXX object CMakeFiles/mavros_plugins.dir/src/plugins/safety_area.cpp.o[0m
[ 73%] [32mBuilding CXX object CMakeFiles/mavros_plugins.dir/src/plugins/setpoint_accel.cpp.o[0m
[ 76%] [32mBuilding CXX object CMakeFiles/mavros_plugins.dir/src/plugins/setpoint_attitude.cpp.o[0m
[ 78%] [32mBuilding CXX object CMakeFiles/mavros_plugins.dir/src/plugins/setpoint_position.cpp.o[0m
[ 80%] [32mBuilding CXX object CMakeFiles/mavros_plugins.dir/src/plugins/setpoint_raw.cpp.o[0m
[ 83%] [32mBuilding CXX object CMakeFiles/mavros_plugins.dir/src/plugins/setpoint_velocity.cpp.o[0m
[ 85%] [32mBuilding CXX object CMakeFiles/mavros_plugins.dir/src/plugins/setpoint_trajectory.cpp.o[0m
[ 88%] [32mBuilding CXX object CMakeFiles/mavros_plugins.dir/src/plugins/sys_status.cpp.o[0m
[ 90%] [32mBuilding CXX object CMakeFiles/mavros_plugins.dir/src/plugins/sys_time.cpp.o[0m
[ 92%] [32mBuilding CXX object CMakeFiles/mavros_plugins.dir/src/plugins/vfr_hud.cpp.o[0m
[ 95%] [32mBuilding CXX object CMakeFiles/mavros_plugins.dir/src/plugins/waypoint.cpp.o[0m
[01m[K/home/hai_bker96/AUV_GUI/mavlink_ros/src/mavros/mavros/src/plugins/sys_status.cpp:[m[K In member function ‘[01m[Kvoid mavros::std_plugins::SystemStatusPlugin::handle_sys_status(const mavlink_message_t*, mavlink::common::msg::SYS_STATUS&)[m[K’:
[01m[K/home/hai_bker96/AUV_GUI/mavlink_ros/src/mavros/mavros/src/plugins/sys_status.cpp:755:21:[m[K [01;31m[Kerror: [m[K‘[01m[Kstruct mavlink::common::msg::SYS_STATUS[m[K’ has no member named ‘[01m[Kvoltage_battery[m[K’; did you mean ‘[01m[Kvoltage_battery_head[m[K’?
   float volt = stat.[01;31m[Kvoltage_battery[m[K / 1000.0f; // mV
                     [01;31m[K^~~~~~~~~~~~~~~[m[K
                     [32m[Kvoltage_battery_head[m[K
[01m[K/home/hai_bker96/AUV_GUI/mavlink_ros/src/mavros/mavros/src/plugins/sys_status.cpp:756:21:[m[K [01;31m[Kerror: [m[K‘[01m[Kstruct mavlink::common::msg::SYS_STATUS[m[K’ has no member named ‘[01m[Kcurrent_battery[m[K’; did you mean ‘[01m[Kcurrent_battery_head[m[K’?
   float curr = stat.[01;31m[Kcurrent_battery[m[K / 100.0f; // 10 mA or -1
                     [01;31m[K^~~~~~~~~~~~~~~[m[K
                     [32m[Kcurrent_battery_head[m[K
[01m[K/home/hai_bker96/AUV_GUI/mavlink_ros/src/mavros/mavros/src/plugins/sys_status.cpp:757:20:[m[K [01;31m[Kerror: [m[K‘[01m[Kstruct mavlink::common::msg::SYS_STATUS[m[K’ has no member named ‘[01m[Kbattery_remaining[m[K’; did you mean ‘[01m[Kbattery_remaining_head[m[K’?
   float rem = stat.[01;31m[Kbattery_remaining[m[K / 100.0f; // or -1
                    [01;31m[K^~~~~~~~~~~~~~~~~[m[K
                    [32m[Kbattery_remaining_head[m[K
CMakeFiles/mavros_plugins.dir/build.make:566: recipe for target 'CMakeFiles/mavros_plugins.dir/src/plugins/sys_status.cpp.o' failed
make[2]: *** [CMakeFiles/mavros_plugins.dir/src/plugins/sys_status.cpp.o] Error 1
make[2]: *** Waiting for unfinished jobs....
CMakeFiles/Makefile2:436: recipe for target 'CMakeFiles/mavros_plugins.dir/all' failed
make[1]: *** [CMakeFiles/mavros_plugins.dir/all] Error 2
Makefile:140: recipe for target 'all' failed
make: *** [all] Error 2
