Determining if the pthread_create exist failed with the following output:
Change Dir: /home/hai_bker96/VIAM_AUV2000_ROS/mavlink_ROS/build/mavros_extras/CMakeFiles/CMakeTmp

Run Build Command:"/usr/bin/make" "cmTC_9d808/fast"
/usr/bin/make -f CMakeFiles/cmTC_9d808.dir/build.make CMakeFiles/cmTC_9d808.dir/build
make[1]: Entering directory '/home/hai_bker96/VIAM_AUV2000_ROS/mavlink_ROS/build/mavros_extras/CMakeFiles/CMakeTmp'
Building C object CMakeFiles/cmTC_9d808.dir/CheckSymbolExists.c.o
/usr/bin/cc    -o CMakeFiles/cmTC_9d808.dir/CheckSymbolExists.c.o   -c /home/hai_bker96/VIAM_AUV2000_ROS/mavlink_ROS/build/mavros_extras/CMakeFiles/CMakeTmp/CheckSymbolExists.c
Linking C executable cmTC_9d808
/usr/bin/cmake -E cmake_link_script CMakeFiles/cmTC_9d808.dir/link.txt --verbose=1
/usr/bin/cc      -rdynamic CMakeFiles/cmTC_9d808.dir/CheckSymbolExists.c.o  -o cmTC_9d808 
CMakeFiles/cmTC_9d808.dir/CheckSymbolExists.c.o: In function `main':
CheckSymbolExists.c:(.text+0x1b): undefined reference to `pthread_create'
collect2: error: ld returned 1 exit status
CMakeFiles/cmTC_9d808.dir/build.make:97: recipe for target 'cmTC_9d808' failed
make[1]: *** [cmTC_9d808] Error 1
make[1]: Leaving directory '/home/hai_bker96/VIAM_AUV2000_ROS/mavlink_ROS/build/mavros_extras/CMakeFiles/CMakeTmp'
Makefile:126: recipe for target 'cmTC_9d808/fast' failed
make: *** [cmTC_9d808/fast] Error 2

File /home/hai_bker96/VIAM_AUV2000_ROS/mavlink_ROS/build/mavros_extras/CMakeFiles/CMakeTmp/CheckSymbolExists.c:
/* */
#include <pthread.h>

int main(int argc, char** argv)
{
  (void)argv;
#ifndef pthread_create
  return ((int*)(&pthread_create))[argc];
#else
  (void)argc;
  return 0;
#endif
}

Determining if the function pthread_create exists in the pthreads failed with the following output:
Change Dir: /home/hai_bker96/VIAM_AUV2000_ROS/mavlink_ROS/build/mavros_extras/CMakeFiles/CMakeTmp

Run Build Command:"/usr/bin/make" "cmTC_2d421/fast"
/usr/bin/make -f CMakeFiles/cmTC_2d421.dir/build.make CMakeFiles/cmTC_2d421.dir/build
make[1]: Entering directory '/home/hai_bker96/VIAM_AUV2000_ROS/mavlink_ROS/build/mavros_extras/CMakeFiles/CMakeTmp'
Building C object CMakeFiles/cmTC_2d421.dir/CheckFunctionExists.c.o
/usr/bin/cc   -DCHECK_FUNCTION_EXISTS=pthread_create   -o CMakeFiles/cmTC_2d421.dir/CheckFunctionExists.c.o   -c /usr/share/cmake-3.10/Modules/CheckFunctionExists.c
Linking C executable cmTC_2d421
/usr/bin/cmake -E cmake_link_script CMakeFiles/cmTC_2d421.dir/link.txt --verbose=1
/usr/bin/cc  -DCHECK_FUNCTION_EXISTS=pthread_create    -rdynamic CMakeFiles/cmTC_2d421.dir/CheckFunctionExists.c.o  -o cmTC_2d421 -lpthreads 
/usr/bin/ld: cannot find -lpthreads
collect2: error: ld returned 1 exit status
CMakeFiles/cmTC_2d421.dir/build.make:97: recipe for target 'cmTC_2d421' failed
make[1]: *** [cmTC_2d421] Error 1
make[1]: Leaving directory '/home/hai_bker96/VIAM_AUV2000_ROS/mavlink_ROS/build/mavros_extras/CMakeFiles/CMakeTmp'
Makefile:126: recipe for target 'cmTC_2d421/fast' failed
make: *** [cmTC_2d421/fast] Error 2


