Symlinking /home/hai_bker96/VIAM_AUV2000_ROS/mavlink_ROS/devel/share/mavros_extras/cmake/mavros_extrasConfig-version.cmake
Symlinking /home/hai_bker96/VIAM_AUV2000_ROS/mavlink_ROS/devel/share/mavros_extras/cmake/mavros_extrasConfig.cmake
Symlinking /home/hai_bker96/VIAM_AUV2000_ROS/mavlink_ROS/devel/lib/libmavros_extras.so
Symlinking /home/hai_bker96/VIAM_AUV2000_ROS/mavlink_ROS/devel/lib/mavros_extras/servo_state_publisher
Symlinking /home/hai_bker96/VIAM_AUV2000_ROS/mavlink_ROS/devel/lib/mavros_extras/visualization
Symlinking /home/hai_bker96/VIAM_AUV2000_ROS/mavlink_ROS/devel/lib/pkgconfig/mavros_extras.pc
Cleaning: (/home/hai_bker96/AUV_GUI/mavlink_ros/devel/.private/mavros_extras/cmake.lock, /home/hai_bker96/AUV_GUI/mavlink_ros/devel/./cmake.lock)
Cleaning: (/home/hai_bker96/AUV_GUI/mavlink_ros/devel/.private/mavros_extras/share/mavros_extras/cmake/mavros_extrasConfig-version.cmake, /home/hai_bker96/AUV_GUI/mavlink_ros/devel/share/mavros_extras/cmake/mavros_extrasConfig-version.cmake)
Cleaning: (/home/hai_bker96/AUV_GUI/mavlink_ros/devel/.private/mavros_extras/share/mavros_extras/cmake/mavros_extrasConfig.cmake, /home/hai_bker96/AUV_GUI/mavlink_ros/devel/share/mavros_extras/cmake/mavros_extrasConfig.cmake)
Cleaning: (/home/hai_bker96/AUV_GUI/mavlink_ros/devel/.private/mavros_extras/lib/libmavros_extras.so, /home/hai_bker96/AUV_GUI/mavlink_ros/devel/lib/libmavros_extras.so)
Cleaning: (/home/hai_bker96/AUV_GUI/mavlink_ros/devel/.private/mavros_extras/lib/mavros_extras/servo_state_publisher, /home/hai_bker96/AUV_GUI/mavlink_ros/devel/lib/mavros_extras/servo_state_publisher)
Cleaning: (/home/hai_bker96/AUV_GUI/mavlink_ros/devel/.private/mavros_extras/lib/mavros_extras/visualization, /home/hai_bker96/AUV_GUI/mavlink_ros/devel/lib/mavros_extras/visualization)
Cleaning: (/home/hai_bker96/AUV_GUI/mavlink_ros/devel/.private/mavros_extras/lib/pkgconfig/mavros_extras.pc, /home/hai_bker96/AUV_GUI/mavlink_ros/devel/lib/pkgconfig/mavros_extras.pc)
Unlinking: /home/hai_bker96/AUV_GUI/mavlink_ros/devel/share/mavros_extras/cmake/mavros_extrasConfig-version.cmake
Already unlinked: {}
Unlinking: /home/hai_bker96/AUV_GUI/mavlink_ros/devel/share/mavros_extras/cmake/mavros_extrasConfig.cmake
Already unlinked: {}
Unlinking: /home/hai_bker96/AUV_GUI/mavlink_ros/devel/lib/libmavros_extras.so
Already unlinked: {}
Unlinking: /home/hai_bker96/AUV_GUI/mavlink_ros/devel/lib/mavros_extras/servo_state_publisher
Already unlinked: {}
Unlinking: /home/hai_bker96/AUV_GUI/mavlink_ros/devel/lib/mavros_extras/visualization
Already unlinked: {}
Unlinking: /home/hai_bker96/AUV_GUI/mavlink_ros/devel/lib/pkgconfig/mavros_extras.pc
Already unlinked: {}
