Determining if the pthread_create exist failed with the following output:
Change Dir: /home/hai_bker96/VIAM_AUV2000_ROS/mavlink_ROS/build/mavros/CMakeFiles/CMakeTmp

Run Build Command:"/usr/bin/make" "cmTC_30041/fast"
/usr/bin/make -f CMakeFiles/cmTC_30041.dir/build.make CMakeFiles/cmTC_30041.dir/build
make[1]: Entering directory '/home/hai_bker96/VIAM_AUV2000_ROS/mavlink_ROS/build/mavros/CMakeFiles/CMakeTmp'
Building C object CMakeFiles/cmTC_30041.dir/CheckSymbolExists.c.o
/usr/bin/cc    -o CMakeFiles/cmTC_30041.dir/CheckSymbolExists.c.o   -c /home/hai_bker96/VIAM_AUV2000_ROS/mavlink_ROS/build/mavros/CMakeFiles/CMakeTmp/CheckSymbolExists.c
Linking C executable cmTC_30041
/usr/bin/cmake -E cmake_link_script CMakeFiles/cmTC_30041.dir/link.txt --verbose=1
/usr/bin/cc      -rdynamic CMakeFiles/cmTC_30041.dir/CheckSymbolExists.c.o  -o cmTC_30041 
CMakeFiles/cmTC_30041.dir/CheckSymbolExists.c.o: In function `main':
CheckSymbolExists.c:(.text+0x1b): undefined reference to `pthread_create'
collect2: error: ld returned 1 exit status
CMakeFiles/cmTC_30041.dir/build.make:97: recipe for target 'cmTC_30041' failed
make[1]: *** [cmTC_30041] Error 1
make[1]: Leaving directory '/home/hai_bker96/VIAM_AUV2000_ROS/mavlink_ROS/build/mavros/CMakeFiles/CMakeTmp'
Makefile:126: recipe for target 'cmTC_30041/fast' failed
make: *** [cmTC_30041/fast] Error 2

File /home/hai_bker96/VIAM_AUV2000_ROS/mavlink_ROS/build/mavros/CMakeFiles/CMakeTmp/CheckSymbolExists.c:
/* */
#include <pthread.h>

int main(int argc, char** argv)
{
  (void)argv;
#ifndef pthread_create
  return ((int*)(&pthread_create))[argc];
#else
  (void)argc;
  return 0;
#endif
}

Determining if the function pthread_create exists in the pthreads failed with the following output:
Change Dir: /home/hai_bker96/VIAM_AUV2000_ROS/mavlink_ROS/build/mavros/CMakeFiles/CMakeTmp

Run Build Command:"/usr/bin/make" "cmTC_e82ce/fast"
/usr/bin/make -f CMakeFiles/cmTC_e82ce.dir/build.make CMakeFiles/cmTC_e82ce.dir/build
make[1]: Entering directory '/home/hai_bker96/VIAM_AUV2000_ROS/mavlink_ROS/build/mavros/CMakeFiles/CMakeTmp'
Building C object CMakeFiles/cmTC_e82ce.dir/CheckFunctionExists.c.o
/usr/bin/cc   -DCHECK_FUNCTION_EXISTS=pthread_create   -o CMakeFiles/cmTC_e82ce.dir/CheckFunctionExists.c.o   -c /usr/share/cmake-3.10/Modules/CheckFunctionExists.c
Linking C executable cmTC_e82ce
/usr/bin/cmake -E cmake_link_script CMakeFiles/cmTC_e82ce.dir/link.txt --verbose=1
/usr/bin/cc  -DCHECK_FUNCTION_EXISTS=pthread_create    -rdynamic CMakeFiles/cmTC_e82ce.dir/CheckFunctionExists.c.o  -o cmTC_e82ce -lpthreads 
/usr/bin/ld: cannot find -lpthreads
collect2: error: ld returned 1 exit status
CMakeFiles/cmTC_e82ce.dir/build.make:97: recipe for target 'cmTC_e82ce' failed
make[1]: *** [cmTC_e82ce] Error 1
make[1]: Leaving directory '/home/hai_bker96/VIAM_AUV2000_ROS/mavlink_ROS/build/mavros/CMakeFiles/CMakeTmp'
Makefile:126: recipe for target 'cmTC_e82ce/fast' failed
make: *** [cmTC_e82ce/fast] Error 2


